<?xml version="1.0" encoding="UTF-8"?>
<!-- Generated by org.testng.reporters.JUnitXMLReporter -->
<testsuite ignored="0" hostname="DESKTOP-C1V93AF" failures="0" tests="3" name="Default test" time="0.096" errors="0" timestamp="2023-06-12T13:53:38 CDT">
  <testcase classname="comtestNg.Data_TestNG" name="emp_no" time="0.013"/>
  <testcase classname="comtestNg.Data_TestNG" name="emp_name" time="0.001"/>
  <testcase classname="comtestNg.Data_TestNG" name="emp_salary" time="0.001"/>
</testsuite> <!-- Default test -->
