<?xml version="1.0" encoding="UTF-8"?>
<testng-results ignored="0" total="3" passed="3" failed="0" skipped="0">
  <reporter-output>
  </reporter-output>
  <suite started-at="2023-06-12T13:53:38 CDT" name="Default suite" finished-at="2023-06-12T13:53:38 CDT" duration-ms="96">
    <groups>
    </groups>
    <test started-at="2023-06-12T13:53:38 CDT" name="Default test" finished-at="2023-06-12T13:53:38 CDT" duration-ms="96">
      <class name="comtestNg.Data_TestNG">
        <test-method signature="emp_no()[pri:-2, instance:comtestNg.Data_TestNG@41e1e210]" started-at="2023-06-12T13:53:38 CDT" name="emp_no" finished-at="2023-06-12T13:53:38 CDT" duration-ms="13" status="PASS">
          <reporter-output>
          </reporter-output>
        </test-method> <!-- emp_no -->
        <test-method signature="emp_name()[pri:-1, instance:comtestNg.Data_TestNG@41e1e210]" started-at="2023-06-12T13:53:38 CDT" name="emp_name" finished-at="2023-06-12T13:53:38 CDT" duration-ms="1" status="PASS">
          <reporter-output>
          </reporter-output>
        </test-method> <!-- emp_name -->
        <test-method signature="emp_salary()[pri:3, instance:comtestNg.Data_TestNG@41e1e210]" started-at="2023-06-12T13:53:38 CDT" name="emp_salary" finished-at="2023-06-12T13:53:38 CDT" duration-ms="1" status="PASS">
          <reporter-output>
          </reporter-output>
        </test-method> <!-- emp_salary -->
      </class> <!-- comtestNg.Data_TestNG -->
    </test> <!-- Default test -->
  </suite> <!-- Default suite -->
</testng-results>
